2002.03.19 10:56 B C:\Dokumente und Einstellungen\Administrator\Desktop\AKTUELLE PROJEKTE\hoelter technik\menue\links_01.jpg --> www.hoelter-technik.de /usr/www/users/a4kj2jnz/menue links_01.jpg
2002.03.19 10:56 B C:\Dokumente und Einstellungen\Administrator\Desktop\AKTUELLE PROJEKTE\hoelter technik\menue\links_02-over.jpg --> www.hoelter-technik.de /usr/www/users/a4kj2jnz/menue links_02-over.jpg
2002.03.19 10:56 B C:\Dokumente und Einstellungen\Administrator\Desktop\AKTUELLE PROJEKTE\hoelter technik\menue\links_02.jpg --> www.hoelter-technik.de /usr/www/users/a4kj2jnz/menue links_02.jpg
2002.03.19 10:56 B C:\Dokumente und Einstellungen\Administrator\Desktop\AKTUELLE PROJEKTE\hoelter technik\menue\links_03.jpg --> www.hoelter-technik.de /usr/www/users/a4kj2jnz/menue links_03.jpg
2002.03.19 10:56 B C:\Dokumente und Einstellungen\Administrator\Desktop\AKTUELLE PROJEKTE\hoelter technik\menue\links_04-over.jpg --> www.hoelter-technik.de /usr/www/users/a4kj2jnz/menue links_04-over.jpg
2002.03.19 10:56 B C:\Dokumente und Einstellungen\Administrator\Desktop\AKTUELLE PROJEKTE\hoelter technik\menue\links_04.jpg --> www.hoelter-technik.de /usr/www/users/a4kj2jnz/menue links_04.jpg
2002.03.19 10:56 B C:\Dokumente und Einstellungen\Administrator\Desktop\AKTUELLE PROJEKTE\hoelter technik\menue\links_05.jpg --> www.hoelter-technik.de /usr/www/users/a4kj2jnz/menue links_05.jpg
2002.03.19 10:56 B C:\Dokumente und Einstellungen\Administrator\Desktop\AKTUELLE PROJEKTE\hoelter technik\menue\links_06-over.jpg --> www.hoelter-technik.de /usr/www/users/a4kj2jnz/menue links_06-over.jpg
2002.03.19 10:56 B C:\Dokumente und Einstellungen\Administrator\Desktop\AKTUELLE PROJEKTE\hoelter technik\menue\links_06.jpg --> www.hoelter-technik.de /usr/www/users/a4kj2jnz/menue links_06.jpg
2002.03.19 10:56 B C:\Dokumente und Einstellungen\Administrator\Desktop\AKTUELLE PROJEKTE\hoelter technik\menue\links_07.jpg --> www.hoelter-technik.de /usr/www/users/a4kj2jnz/menue links_07.jpg
2002.03.19 10:56 B C:\Dokumente und Einstellungen\Administrator\Desktop\AKTUELLE PROJEKTE\hoelter technik\menue\links_08-over.jpg --> www.hoelter-technik.de /usr/www/users/a4kj2jnz/menue links_08-over.jpg
2002.03.19 10:56 B C:\Dokumente und Einstellungen\Administrator\Desktop\AKTUELLE PROJEKTE\hoelter technik\menue\links_08.jpg --> www.hoelter-technik.de /usr/www/users/a4kj2jnz/menue links_08.jpg
2002.03.19 10:56 B C:\Dokumente und Einstellungen\Administrator\Desktop\AKTUELLE PROJEKTE\hoelter technik\menue\links_09.jpg --> www.hoelter-technik.de /usr/www/users/a4kj2jnz/menue links_09.jpg
2002.03.19 10:56 B C:\Dokumente und Einstellungen\Administrator\Desktop\AKTUELLE PROJEKTE\hoelter technik\menue\links_10-over.jpg --> www.hoelter-technik.de /usr/www/users/a4kj2jnz/menue links_10-over.jpg
2002.03.19 10:56 B C:\Dokumente und Einstellungen\Administrator\Desktop\AKTUELLE PROJEKTE\hoelter technik\menue\links_10.jpg --> www.hoelter-technik.de /usr/www/users/a4kj2jnz/menue links_10.jpg
2002.03.19 10:56 B C:\Dokumente und Einstellungen\Administrator\Desktop\AKTUELLE PROJEKTE\hoelter technik\menue\links_11-links_10_over.jpg --> www.hoelter-technik.de /usr/www/users/a4kj2jnz/menue links_11-links_10_over.jpg
2002.03.19 10:56 B C:\Dokumente und Einstellungen\Administrator\Desktop\AKTUELLE PROJEKTE\hoelter technik\menue\links_11.jpg --> www.hoelter-technik.de /usr/www/users/a4kj2jnz/menue links_11.jpg
2003.07.21 18:01 B D:\INTERN\hoelter web\menue\neues_menue_01.gif --> www.hoelter-technik.de /usr/www/users/a4kj2jnz/menue neues_menue_01.gif
2003.07.21 18:01 B D:\INTERN\hoelter web\menue\neues_menue_02.gif --> www.hoelter-technik.de /usr/www/users/a4kj2jnz/menue neues_menue_02.gif
2003.07.21 18:01 B D:\INTERN\hoelter web\menue\neues_menue_03.gif --> www.hoelter-technik.de /usr/www/users/a4kj2jnz/menue neues_menue_03.gif
2003.07.21 18:01 B D:\INTERN\hoelter web\menue\neues_menue_04.gif --> www.hoelter-technik.de /usr/www/users/a4kj2jnz/menue neues_menue_04.gif
2003.07.21 18:01 B D:\INTERN\hoelter web\menue\neues_menue_05.gif --> www.hoelter-technik.de /usr/www/users/a4kj2jnz/menue neues_menue_05.gif
2003.07.21 18:01 B D:\INTERN\hoelter web\menue\neues_menue_06.gif --> www.hoelter-technik.de /usr/www/users/a4kj2jnz/menue neues_menue_06.gif
2003.07.21 18:01 B D:\INTERN\hoelter web\menue\neues_menue_07-neues_men-09.gif --> www.hoelter-technik.de /usr/www/users/a4kj2jnz/menue neues_menue_07-neues_men-09.gif
2003.07.21 18:01 B D:\INTERN\hoelter web\menue\neues_menue_07-neues_men-10.gif --> www.hoelter-technik.de /usr/www/users/a4kj2jnz/menue neues_menue_07-neues_men-10.gif
2003.07.21 18:01 B D:\INTERN\hoelter web\menue\neues_menue_07-neues_men-11.gif --> www.hoelter-technik.de /usr/www/users/a4kj2jnz/menue neues_menue_07-neues_men-11.gif
2003.07.21 18:01 B D:\INTERN\hoelter web\menue\neues_menue_07-neues_menue_.gif --> www.hoelter-technik.de /usr/www/users/a4kj2jnz/menue neues_menue_07-neues_menue_.gif
2003.07.21 18:01 B D:\INTERN\hoelter web\menue\neues_menue_07.gif --> www.hoelter-technik.de /usr/www/users/a4kj2jnz/menue neues_menue_07.gif
